<?xml version="1.0" encoding="UTF-8"?>
<!-- Generated by org.testng.reporters.JUnitReportReporter -->
<testsuite hostname="BLACKHOLE" failures="0" tests="1" name="org.leads.EditLead" time="30.119" errors="0" timestamp="2024-03-29T05:10:43 IST" skipped="0">
  <testcase classname="org.leads.EditLead" name="editLead" time="30.119"/>
  <system-out/>
</testsuite> <!-- org.leads.EditLead -->
