<?xml version="1.0" encoding="UTF-8"?>
<!-- Generated by org.testng.reporters.JUnitReportReporter -->
<testsuite hostname="BLACKHOLE" failures="0" tests="1" name="org.leads.DeleteLead" time="19.026" errors="0" timestamp="2024-03-29T05:10:43 IST" skipped="0">
  <testcase classname="org.leads.DeleteLead" name="deleteLead" time="19.026"/>
  <system-out/>
</testsuite> <!-- org.leads.DeleteLead -->
